[2026-04-12T07:36:01Z] === ENRICH ITERATION 1 START | repo=oxigraph/oxigraph sha=4f8e1d89 ===
[2026-04-12T07:36:01Z] [iter=1] PHASE START: enrich repo=oxigraph/oxigraph sha=4f8e1d89 runlog=/home/runner/work/forx/forx/storage/aggregate/lsp/logs/4f8e1d89-enrich-iter-001.log output=/home/runner/work/forx/forx/storage/aggregate/lsp/4f8e1d890eee73062eaf809b779ed1b276aa11d4.nq.gz
[2026-04-12T07:36:01Z] [iter=1] Step 1: Loading AST into disk-backed store mem_mb=77 MB
[2026-04-12T07:36:29Z] [iter=1] AST store loaded triples=3389885 load_secs=27 mem_mb=900 MB
[2026-04-12T07:36:29Z] [iter=1] Step 2: Finding LSP targets mem_mb=900 MB
[2026-04-12T07:36:39Z] [iter=1] LSP targets found call_sites=30225 imports=752 extends=1 implements=335 secs=10
[2026-04-12T07:36:48Z] [iter=1] Step 2.7: Building position index (one-shot, shared across resolvers) mem_mb=900 MB
[2026-04-12T07:37:05Z] [iter=1] Position index built positions=227544 nodes_with_types=278997 secs=18 mem_mb=900 MB
[2026-04-12T07:37:05Z] [iter=1] Step 3: Starting LSP resolution mem_mb=900 MB already_completed_types=[] already_completed_files=0
[2026-04-12T07:37:05Z] [iter=1] Resolving target type target_type=call_site count=30225
[2026-04-12T07:37:46Z] [iter=1] HEARTBEAT target_type=call_site elapsed_min=1.8 files_done=0 resolved=0 errors=0 current=lib/oxjsonld/src/to_rdf.rs
[2026-04-12T07:42:14Z] [iter=1] HEARTBEAT target_type=call_site elapsed_min=6.2 files_done=1 resolved=219 errors=179 current=lib/oxttl/src/ntriples.rs
[2026-04-12T07:43:03Z] [iter=1] HEARTBEAT target_type=call_site elapsed_min=7.0 files_done=2 resolved=247 errors=215 current=lib/oxjsonld/src/expansion.rs
[2026-04-12T07:52:43Z] [iter=1] HEARTBEAT target_type=call_site elapsed_min=16.7 files_done=3 resolved=668 errors=647 current=lib/spareval/src/eval.rs
[2026-04-12T08:14:46Z] [iter=1] HEARTBEAT target_type=call_site elapsed_min=38.8 files_done=4 resolved=1805 errors=1632 current=js/src/io.rs
[2026-04-12T08:16:14Z] [iter=1] HEARTBEAT target_type=call_site elapsed_min=40.2 files_done=5 resolved=1871 errors=1692 current=lib/spargebra/src/algebra.rs
[2026-04-12T08:26:25Z] [iter=1] HEARTBEAT target_type=call_site elapsed_min=50.4 files_done=6 resolved=1971 errors=2145 current=lib/oxjsonld/src/error.rs
[2026-04-12T08:30:17Z] [iter=1] HEARTBEAT target_type=call_site elapsed_min=54.3 files_done=8 resolved=2054 errors=2316 current=lib/oxsdatatypes/src/decimal.rs
[2026-04-12T08:33:05Z] [iter=1] HEARTBEAT target_type=call_site elapsed_min=57.1 files_done=9 resolved=2231 errors=2441 current=lib/oxigraph/src/sparql/dataset.rs
[2026-04-12T08:34:29Z] [iter=1] HEARTBEAT target_type=call_site elapsed_min=58.5 files_done=10 resolved=2271 errors=2503 current=cli/src/main.rs
[2026-04-12T09:00:00Z] [iter=1] HEARTBEAT target_type=call_site elapsed_min=84.0 files_done=11 resolved=3037 errors=3638 current=lib/oxrdfio/src/parser.rs
[2026-04-12T09:05:18Z] [iter=1] HEARTBEAT target_type=call_site elapsed_min=89.3 files_done=12 resolved=3160 errors=3875 current=lib/oxigraph/src/storage/mod.rs
[2026-04-12T09:07:46Z] [iter=1] HEARTBEAT target_type=call_site elapsed_min=91.7 files_done=13 resolved=3185 errors=3984 current=lib/sparesults/src/csv.rs
[2026-04-12T09:12:56Z] [iter=1] HEARTBEAT target_type=call_site elapsed_min=96.9 files_done=14 resolved=3297 errors=4215 current=lib/oxrdf/src/literal.rs
[2026-04-12T09:16:10Z] [iter=1] HEARTBEAT target_type=call_site elapsed_min=100.2 files_done=15 resolved=3366 errors=4359 current=lib/oxigraph/src/storage/memory.rs
[2026-04-12T09:22:06Z] [iter=1] HEARTBEAT target_type=call_site elapsed_min=106.1 files_done=16 resolved=3635 errors=4622 current=lib/oxttl/src/line_formats.rs
[2026-04-12T09:23:19Z] [iter=1] HEARTBEAT target_type=call_site elapsed_min=107.3 files_done=17 resolved=3714 errors=4676 current=testsuite/src/evaluator.rs
[2026-04-12T09:28:13Z] [iter=1] HEARTBEAT target_type=call_site elapsed_min=112.2 files_done=19 resolved=3979 errors=4892 current=lib/spareval/src/expression.rs
[2026-04-12T09:46:08Z] [iter=1] HEARTBEAT target_type=call_site elapsed_min=130.1 files_done=20 resolved=4323 errors=5682 current=lib/oxttl/src/n3.rs
[2026-04-12T09:49:13Z] [iter=1] HEARTBEAT target_type=call_site elapsed_min=133.2 files_done=21 resolved=4523 errors=5818 current=testsuite/src/parser_evaluator.rs
[2026-04-12T09:53:47Z] [iter=1] HEARTBEAT target_type=call_site elapsed_min=137.8 files_done=22 resolved=4575 errors=6020 current=lib/oxttl/src/terse.rs
[2026-04-12T09:59:05Z] [iter=1] HEARTBEAT target_type=call_site elapsed_min=143.1 files_done=23 resolved=4936 errors=6254 current=lib/oxsdatatypes/src/date_time.rs
[2026-04-12T10:11:03Z] [iter=1] HEARTBEAT target_type=call_site elapsed_min=155.0 files_done=24 resolved=5391 errors=6782 current=lib/sparql-smith/src/lib.rs
[2026-04-12T10:12:49Z] [iter=1] HEARTBEAT target_type=call_site elapsed_min=156.8 files_done=25 resolved=5712 errors=6860 current=fuzz/fuzz_targets/nquads.rs
[2026-04-12T10:18:06Z] [iter=1] HEARTBEAT target_type=call_site elapsed_min=162.1 files_done=27 resolved=5879 errors=7091 current=lib/oxttl/src/lexer.rs
[2026-04-12T10:22:22Z] [iter=1] HEARTBEAT target_type=call_site elapsed_min=166.3 files_done=28 resolved=6153 errors=7279 current=lib/oxrdf/src/named_node.rs
[2026-04-12T10:22:54Z] [iter=1] HEARTBEAT target_type=call_site elapsed_min=166.9 files_done=29 resolved=6175 errors=7303 current=js/src/model.rs
[2026-04-12T10:26:54Z] [iter=1] HEARTBEAT target_type=call_site elapsed_min=170.9 files_done=30 resolved=6315 errors=7479 current=lib/spareval/src/dataset.rs
[2026-04-12T10:30:49Z] [iter=1] HEARTBEAT target_type=call_site elapsed_min=174.8 files_done=31 resolved=6387 errors=7651 current=lib/oxrdfxml/src/parser.rs
[2026-04-12T10:36:40Z] [iter=1] HEARTBEAT target_type=call_site elapsed_min=180.6 files_done=32 resolved=6713 errors=7908 current=lib/oxjsonld/src/context.rs
[2026-04-12T10:45:41Z] [iter=1] HEARTBEAT target_type=call_site elapsed_min=189.7 files_done=33 resolved=6887 errors=8304 current=lib/sparesults/src/xml.rs
[2026-04-12T10:51:47Z] [iter=1] HEARTBEAT target_type=call_site elapsed_min=195.8 files_done=34 resolved=7194 errors=8573 current=lib/oxigraph/tests/store.rs
[2026-04-12T10:55:48Z] [iter=1] HEARTBEAT target_type=call_site elapsed_min=199.8 files_done=35 resolved=7308 errors=8750 current=lib/oxigraph/benches/store.rs
[2026-04-12T11:00:13Z] [iter=1] HEARTBEAT target_type=call_site elapsed_min=204.2 files_done=36 resolved=7376 errors=8943 current=lib/oxrdf/src/triple.rs
[2026-04-12T11:05:26Z] [iter=1] HEARTBEAT target_type=call_site elapsed_min=209.4 files_done=37 resolved=7512 errors=9174 current=lib/oxigraph/src/sparql/update.rs
[2026-04-12T11:09:07Z] [iter=1] HEARTBEAT target_type=call_site elapsed_min=213.1 files_done=38 resolved=7624 errors=9337 current=fuzz/fuzz_targets/sparql_query_eval.rs
[2026-04-12T11:14:27Z] [iter=1] HEARTBEAT target_type=call_site elapsed_min=218.4 files_done=40 resolved=7804 errors=9571 current=lib/sparopt/src/algebra.rs
[2026-04-12T11:26:24Z] [iter=1] HEARTBEAT target_type=call_site elapsed_min=230.4 files_done=41 resolved=7993 errors=10101 current=lib/spargebra/src/parser.rs
[2026-04-12T11:30:33Z] [iter=1] HEARTBEAT target_type=call_site elapsed_min=234.5 files_done=42 resolved=8099 errors=10285 current=lib/oxttl/src/turtle.rs
[2026-04-12T11:31:50Z] [iter=1] HEARTBEAT target_type=call_site elapsed_min=235.8 files_done=43 resolved=8153 errors=10342 current=lib/oxttl/src/trig.rs
[2026-04-12T11:35:19Z] [iter=1] HEARTBEAT target_type=call_site elapsed_min=239.3 files_done=44 resolved=8256 errors=10497 current=testsuite/src/sparql_evaluator.rs
[2026-04-12T11:36:07Z] [iter=1] CHECKPOINT TRIGGERED elapsed_min=240.1 files_completed=44 new_files_this_iter=44 mem_mb=900 MB
[2026-04-12T11:36:07Z] [iter=1] Writing partial enrichment graph path=/home/runner/work/forx/forx/storage/aggregate/lsp/4f8e1d890eee73062eaf809b779ed1b276aa11d4.nq.gz triples=110089
[2026-04-12T11:36:10Z] [iter=1] Checkpoint written, exiting with code 7
[2026-04-12T11:36:10Z] [iter=1] PHASE END: enrich (checkpointed) elapsed_s=14406 elapsed_min=240.1 files_completed=44
