[2026-05-09T13:35:21Z] === ENRICH ITERATION 4 START | repo=oxigraph/oxigraph sha=4f8e1d89 ===
[2026-05-09T13:35:21Z] [iter=4] PHASE START: enrich repo=oxigraph/oxigraph sha=4f8e1d89 runlog=/home/runner/work/forx/forx/storage/aggregate/lsp/logs/4f8e1d89-enrich-iter-004.log output=/home/runner/work/forx/forx/storage/aggregate/lsp/4f8e1d890eee73062eaf809b779ed1b276aa11d4.nq.gz
[2026-05-09T13:35:21Z] [iter=4] Step 1: Loading AST into disk-backed store mem_mb=77 MB
[2026-05-09T13:35:50Z] [iter=4] AST store loaded triples=3389885 load_secs=28 mem_mb=907 MB
[2026-05-09T13:35:50Z] [iter=4] Step 2: Finding LSP targets mem_mb=907 MB
[2026-05-09T13:36:01Z] [iter=4] LSP targets found call_sites=30225 imports=752 extends=1 implements=335 secs=11
[2026-05-09T13:36:06Z] [iter=4] Loaded checkpoint partial graph triples=110042
[2026-05-09T13:36:15Z] [iter=4] Step 2.7: Building position index (one-shot, shared across resolvers) mem_mb=907 MB
[2026-05-09T13:36:36Z] [iter=4] Position index built positions=227544 nodes_with_types=278997 secs=21 mem_mb=1085 MB
[2026-05-09T13:36:36Z] [iter=4] Step 3: Starting LSP resolution mem_mb=1085 MB already_completed_types=[] already_completed_files=44
[2026-05-09T13:36:36Z] [iter=4] Resolving target type target_type=call_site count=30225
[2026-05-09T13:37:19Z] [iter=4] HEARTBEAT target_type=call_site elapsed_min=2.0 files_done=0 resolved=0 errors=0 current=testsuite/src/sparql_evaluator.rs
[2026-05-09T13:45:14Z] [iter=4] HEARTBEAT target_type=call_site elapsed_min=9.9 files_done=1 resolved=66 errors=320 current=lib/oxrdf/src/parser.rs
[2026-05-09T13:48:49Z] [iter=4] HEARTBEAT target_type=call_site elapsed_min=13.5 files_done=2 resolved=128 errors=477 current=lib/oxigraph/src/storage/rocksdb.rs
[2026-05-09T13:57:19Z] [iter=4] HEARTBEAT target_type=call_site elapsed_min=22.0 files_done=3 resolved=619 errors=845 current=lib/spareval/src/lib.rs
[2026-05-09T14:01:21Z] [iter=4] HEARTBEAT target_type=call_site elapsed_min=26.0 files_done=4 resolved=706 errors=1021 current=lib/oxrdf/src/dataset.rs
[2026-05-09T14:08:27Z] [iter=4] HEARTBEAT target_type=call_site elapsed_min=33.1 files_done=5 resolved=943 errors=1331 current=lib/oxigraph/src/storage/rocksdb_wrapper.rs
[2026-05-09T14:11:53Z] [iter=4] HEARTBEAT target_type=call_site elapsed_min=36.5 files_done=6 resolved=1059 errors=1480 current=lib/spargebra/src/term.rs
[2026-05-09T14:15:03Z] [iter=4] HEARTBEAT target_type=call_site elapsed_min=39.7 files_done=7 resolved=1138 errors=1619 current=lib/oxrdf/src/blank_node.rs
[2026-05-09T14:16:29Z] [iter=4] HEARTBEAT target_type=call_site elapsed_min=41.1 files_done=8 resolved=1176 errors=1681 current=lib/oxsdatatypes/src/double.rs
[2026-05-09T14:17:00Z] [iter=4] HEARTBEAT target_type=call_site elapsed_min=41.6 files_done=9 resolved=1208 errors=1703 current=lib/sparesults/src/parser.rs
[2026-05-09T14:17:54Z] [iter=4] HEARTBEAT target_type=call_site elapsed_min=42.5 files_done=10 resolved=1220 errors=1742 current=lib/oxsdatatypes/src/float.rs
[2026-05-09T14:26:20Z] [iter=4] HEARTBEAT target_type=call_site elapsed_min=51.0 files_done=12 resolved=1341 errors=2112 current=lib/oxrdf/src/vocab.rs
[2026-05-09T14:28:03Z] [iter=4] HEARTBEAT target_type=call_site elapsed_min=52.7 files_done=13 resolved=1341 errors=2187 current=testsuite/src/manifest.rs
[2026-05-09T14:29:31Z] [iter=4] HEARTBEAT target_type=call_site elapsed_min=54.2 files_done=14 resolved=1464 errors=2251 current=lib/oxrdf/src/interning.rs
[2026-05-09T14:33:04Z] [iter=4] HEARTBEAT target_type=call_site elapsed_min=57.7 files_done=15 resolved=1481 errors=2407 current=lib/spargebra/src/query.rs
[2026-05-09T14:34:27Z] [iter=4] HEARTBEAT target_type=call_site elapsed_min=59.1 files_done=16 resolved=1501 errors=2468 current=oxrocksdb-sys/build.rs
[2026-05-09T14:37:14Z] [iter=4] HEARTBEAT target_type=call_site elapsed_min=61.9 files_done=17 resolved=1554 errors=2587 current=python/src/dataset.rs
[2026-05-09T14:38:26Z] [iter=4] HEARTBEAT target_type=call_site elapsed_min=63.1 files_done=19 resolved=1594 errors=2639 current=lib/sparopt/src/optimizer.rs
[2026-05-09T14:48:09Z] [iter=4] HEARTBEAT target_type=call_site elapsed_min=72.8 files_done=20 resolved=1617 errors=3063 current=testsuite/src/report.rs
[2026-05-09T14:48:48Z] [iter=4] HEARTBEAT target_type=call_site elapsed_min=73.5 files_done=22 resolved=1680 errors=3090 current=lib/oxttl/src/toolkit/parser.rs
[2026-05-09T14:51:22Z] [iter=4] HEARTBEAT target_type=call_site elapsed_min=76.0 files_done=24 resolved=1837 errors=3201 current=lib/oxjsonld/src/from_rdf.rs
[2026-05-09T14:53:48Z] [iter=4] HEARTBEAT target_type=call_site elapsed_min=78.4 files_done=25 resolved=1933 errors=3307 current=lib/oxigraph/src/storage/error.rs
[2026-05-09T14:58:06Z] [iter=4] HEARTBEAT target_type=call_site elapsed_min=82.7 files_done=27 resolved=2052 errors=3495 current=testsuite/src/canonicalization_evaluator.rs
[2026-05-09T14:59:08Z] [iter=4] HEARTBEAT target_type=call_site elapsed_min=83.8 files_done=28 resolved=2070 errors=3540 current=python/src/store.rs
[2026-05-09T15:02:04Z] [iter=4] HEARTBEAT target_type=call_site elapsed_min=86.7 files_done=29 resolved=2149 errors=3668 current=lib/oxigraph/src/storage/binary_encoder.rs
[2026-05-09T15:08:32Z] [iter=4] HEARTBEAT target_type=call_site elapsed_min=93.2 files_done=30 resolved=2303 errors=3951 current=python/src/io.rs
[2026-05-09T15:10:39Z] [iter=4] HEARTBEAT target_type=call_site elapsed_min=95.3 files_done=31 resolved=2394 errors=4044 current=lib/spareval/src/update.rs
[2026-05-09T15:11:59Z] [iter=4] HEARTBEAT target_type=call_site elapsed_min=96.6 files_done=32 resolved=2413 errors=4102 current=js/src/store.rs
[2026-05-09T15:15:39Z] [iter=4] HEARTBEAT target_type=call_site elapsed_min=100.3 files_done=33 resolved=2522 errors=4258 current=js/src/utils.rs
[2026-05-09T15:16:23Z] [iter=4] HEARTBEAT target_type=call_site elapsed_min=101.0 files_done=35 resolved=2575 errors=4289 current=lib/oxttl/src/toolkit/lexer.rs
[2026-05-09T15:17:04Z] [iter=4] HEARTBEAT target_type=call_site elapsed_min=101.7 files_done=36 resolved=2646 errors=4318 current=lib/sparesults/src/serializer.rs
[2026-05-09T15:17:37Z] [iter=4] HEARTBEAT target_type=call_site elapsed_min=102.3 files_done=37 resolved=2652 errors=4342 current=cli/build.rs
[2026-05-09T15:18:35Z] [iter=4] HEARTBEAT target_type=call_site elapsed_min=103.2 files_done=39 resolved=2684 errors=4381 current=fuzz/fuzz_targets/trig.rs
[2026-05-09T15:20:29Z] [iter=4] HEARTBEAT target_type=call_site elapsed_min=105.1 files_done=42 resolved=2741 errors=4463 current=lib/oxigraph/src/sparql/mod.rs
[2026-05-09T15:21:14Z] [iter=4] HEARTBEAT target_type=call_site elapsed_min=105.9 files_done=43 resolved=2766 errors=4496 current=lib/oxrdfio/src/serializer.rs
[2026-05-09T15:23:22Z] [iter=4] HEARTBEAT target_type=call_site elapsed_min=108.0 files_done=44 resolved=2775 errors=4589 current=lib/spargebra/src/update.rs
[2026-05-09T15:25:05Z] [iter=4] HEARTBEAT target_type=call_site elapsed_min=109.7 files_done=45 resolved=2809 errors=4664 current=lib/oxsdatatypes/src/integer.rs
[2026-05-09T15:26:33Z] [iter=4] HEARTBEAT target_type=call_site elapsed_min=111.2 files_done=46 resolved=2847 errors=4728 current=lib/sparesults/src/error.rs
[2026-05-09T15:27:07Z] [iter=4] HEARTBEAT target_type=call_site elapsed_min=111.8 files_done=47 resolved=2859 errors=4753 current=testsuite/tests/sparql.rs
[2026-05-09T15:28:13Z] [iter=4] HEARTBEAT target_type=call_site elapsed_min=112.9 files_done=50 resolved=2876 errors=4801 current=testsuite/tests/oxigraph.rs
[2026-05-09T15:29:03Z] [iter=4] HEARTBEAT target_type=call_site elapsed_min=113.7 files_done=54 resolved=2887 errors=4836 current=testsuite/benches/parser.rs
[2026-05-09T15:30:53Z] [iter=4] HEARTBEAT target_type=call_site elapsed_min=115.5 files_done=55 resolved=2892 errors=4915 current=lib/spareval/src/error.rs
[2026-05-09T15:31:54Z] [iter=4] HEARTBEAT target_type=call_site elapsed_min=116.6 files_done=57 resolved=2914 errors=4960 current=lib/oxigraph/src/sparql/error.rs
[2026-05-09T15:32:51Z] [iter=4] HEARTBEAT target_type=call_site elapsed_min=117.5 files_done=59 resolved=2941 errors=5001 current=lib/oxttl/src/chunker.rs
[2026-05-09T15:33:29Z] [iter=4] HEARTBEAT target_type=call_site elapsed_min=118.1 files_done=61 resolved=2953 errors=5029 current=lib/oxigraph/src/sparql/http.rs
[2026-05-09T15:34:26Z] [iter=4] HEARTBEAT target_type=call_site elapsed_min=119.1 files_done=62 resolved=2997 errors=5069 current=lib/oxsdatatypes/src/boolean.rs
[2026-05-09T15:35:00Z] [iter=4] HEARTBEAT target_type=call_site elapsed_min=119.6 files_done=64 resolved=3020 errors=5094 current=fuzz/fuzz_targets/rdf_xml.rs
[2026-05-09T15:35:55Z] [iter=4] HEARTBEAT target_type=call_site elapsed_min=120.6 files_done=68 resolved=3034 errors=5133 current=lib/oxjsonld/src/profile.rs
[2026-05-09T15:36:53Z] [iter=4] HEARTBEAT target_type=call_site elapsed_min=121.5 files_done=70 resolved=3050 errors=5175 current=lib/spargeo/src/lib.rs
[2026-05-09T15:38:10Z] [iter=4] HEARTBEAT target_type=call_site elapsed_min=122.8 files_done=71 resolved=3058 errors=5229 current=lib/oxrdfxml/src/error.rs
[2026-05-09T15:38:43Z] [iter=4] HEARTBEAT target_type=call_site elapsed_min=123.4 files_done=73 resolved=3079 errors=5253 current=lib/oxjsonld/src/lib.rs
[2026-05-09T15:39:23Z] [iter=4] HEARTBEAT target_type=call_site elapsed_min=124.0 files_done=81 resolved=3089 errors=5278 current=fuzz/fuzz_targets/sparql_results_xml.rs
[2026-05-09T15:42:24Z] [iter=4] HEARTBEAT target_type=call_site elapsed_min=127.1 files_done=99 resolved=3230 errors=5402 current=python/tests/test_model.py
[2026-05-09T15:45:48Z] [iter=4] HEARTBEAT target_type=call_site elapsed_min=130.4 files_done=100 resolved=3290 errors=5547 current=lints/test_debian_compatibility.py
[2026-05-09T15:46:25Z] [iter=4] HEARTBEAT target_type=call_site elapsed_min=131.1 files_done=101 resolved=3304 errors=5574 current=bench/explanation_to_trace.py
[2026-05-09T15:50:41Z] [iter=4] HEARTBEAT target_type=call_site elapsed_min=135.3 files_done=103 resolved=3407 errors=5758 current=bench/bsbm-plot.py
[2026-05-09T15:52:37Z] [iter=4] HEARTBEAT target_type=call_site elapsed_min=137.3 files_done=105 resolved=3464 errors=5838 current=python/tests/test_doc.py
[2026-05-09T15:53:07Z] [iter=4] HEARTBEAT target_type=call_site elapsed_min=137.8 files_done=107 resolved=3484 errors=5858 current=bench/explanation_to_flamegraph.py
[2026-05-09T15:53:43Z] [iter=4] HEARTBEAT target_type=call_site elapsed_min=138.4 files_done=110 resolved=3509 errors=5884 current=lints/build_clippy_config.py
[2026-05-09T15:54:15Z] [iter=4] HEARTBEAT target_type=call_site elapsed_min=138.9 files_done=112 resolved=3515 errors=5906 current=js/test/io.test.ts
[2026-05-09T15:56:00Z] [iter=4] HEARTBEAT target_type=call_site elapsed_min=140.7 files_done=113 resolved=3517 errors=5980 current=js/test/store.test.ts
[2026-05-09T15:59:54Z] [iter=4] HEARTBEAT target_type=call_site elapsed_min=144.6 files_done=114 resolved=3517 errors=6149 current=js/test/model.test.ts
[2026-05-09T16:00:41Z] [iter=4] HEARTBEAT target_type=call_site elapsed_min=145.3 files_done=115 resolved=3517 errors=6183 current=js/test/bench_data.ts
[2026-05-09T16:01:12Z] [iter=4] HEARTBEAT target_type=call_site elapsed_min=145.9 files_done=118 resolved=3518 errors=6205 current=js/build_package.mjs
[2026-05-09T16:01:28Z] [iter=4] Target type resolved target_type=call_site resolved=3520 errors=6212 secs=8692 mem_mb=1087 MB
[2026-05-09T16:01:28Z] [iter=4] Resolving target type target_type=import_statement count=752
[2026-05-09T16:02:05Z] [iter=4] HEARTBEAT target_type=import_statement elapsed_min=146.7 files_done=1 resolved=6 errors=0 current=testsuite/src/files.rs
[2026-05-09T16:02:35Z] [iter=4] HEARTBEAT target_type=import_statement elapsed_min=147.2 files_done=69 resolved=281 errors=0 current=fuzz/fuzz_targets/jsonld.rs
[2026-05-09T16:02:55Z] [iter=4] Target type resolved target_type=import_statement resolved=410 errors=0 secs=87 mem_mb=1087 MB
[2026-05-09T16:02:55Z] [iter=4] Resolving target type target_type=extends_clause count=1
[2026-05-09T16:02:56Z] [iter=4] Target type resolved target_type=extends_clause resolved=1 errors=0 secs=1 mem_mb=1087 MB
[2026-05-09T16:02:56Z] [iter=4] Resolving target type target_type=implements_clause count=335
[2026-05-09T16:03:10Z] [iter=4] HEARTBEAT target_type=implements_clause elapsed_min=147.8 files_done=0 resolved=0 errors=0 current=lib/sparesults/src/parser.rs
[2026-05-09T16:03:37Z] [iter=4] Target type resolved target_type=implements_clause resolved=117 errors=0 secs=41 mem_mb=1087 MB
[2026-05-09T16:04:36Z] [iter=4] Step 5: Writing final enrichment file triples=238098
[2026-05-09T16:04:41Z] [iter=4] Enrichment file written path=/home/runner/work/forx/forx/storage/aggregate/lsp/4f8e1d890eee73062eaf809b779ed1b276aa11d4.nq.gz size_kb=5427
[2026-05-09T16:04:41Z] [iter=4] Checkpoint cleared (enrichment complete)
[2026-05-09T16:04:41Z] [iter=4] PHASE END: enrich elapsed_s=8961 elapsed_min=149.3 total_triples=238098
