[2026-05-09T05:53:00Z] === ENRICH ITERATION 3 START | repo=oxigraph/oxigraph sha=4f8e1d89 ===
[2026-05-09T05:53:00Z] [iter=3] PHASE START: enrich repo=oxigraph/oxigraph sha=4f8e1d89 runlog=/home/runner/work/forx/forx/storage/aggregate/lsp/logs/4f8e1d89-enrich-iter-003.log output=/home/runner/work/forx/forx/storage/aggregate/lsp/4f8e1d890eee73062eaf809b779ed1b276aa11d4.nq.gz
[2026-05-09T05:53:00Z] [iter=3] Step 1: Loading AST into disk-backed store mem_mb=77 MB
[2026-05-09T05:53:29Z] [iter=3] AST store loaded triples=3389885 load_secs=27 mem_mb=907 MB
[2026-05-09T05:53:29Z] [iter=3] Step 2: Finding LSP targets mem_mb=907 MB
[2026-05-09T05:53:39Z] [iter=3] LSP targets found call_sites=30225 imports=752 extends=1 implements=335 secs=11
[2026-05-09T05:53:49Z] [iter=3] Step 2.7: Building position index (one-shot, shared across resolvers) mem_mb=907 MB
[2026-05-09T05:54:07Z] [iter=3] Position index built positions=227544 nodes_with_types=278997 secs=19 mem_mb=907 MB
[2026-05-09T05:54:07Z] [iter=3] Step 3: Starting LSP resolution mem_mb=907 MB already_completed_types=[] already_completed_files=0
[2026-05-09T05:54:07Z] [iter=3] Resolving target type target_type=call_site count=30225
[2026-05-09T05:54:44Z] [iter=3] HEARTBEAT target_type=call_site elapsed_min=1.7 files_done=0 resolved=0 errors=0 current=lib/oxjsonld/src/to_rdf.rs
[2026-05-09T05:59:14Z] [iter=3] HEARTBEAT target_type=call_site elapsed_min=6.2 files_done=1 resolved=219 errors=179 current=lib/oxttl/src/ntriples.rs
[2026-05-09T06:00:03Z] [iter=3] HEARTBEAT target_type=call_site elapsed_min=7.1 files_done=2 resolved=247 errors=215 current=lib/oxjsonld/src/expansion.rs
[2026-05-09T06:09:47Z] [iter=3] HEARTBEAT target_type=call_site elapsed_min=16.8 files_done=3 resolved=668 errors=647 current=lib/spareval/src/eval.rs
[2026-05-09T06:31:56Z] [iter=3] HEARTBEAT target_type=call_site elapsed_min=38.9 files_done=4 resolved=1805 errors=1632 current=js/src/io.rs
[2026-05-09T06:33:25Z] [iter=3] HEARTBEAT target_type=call_site elapsed_min=40.4 files_done=5 resolved=1871 errors=1692 current=lib/spargebra/src/algebra.rs
[2026-05-09T06:43:37Z] [iter=3] HEARTBEAT target_type=call_site elapsed_min=50.6 files_done=6 resolved=1971 errors=2145 current=lib/oxjsonld/src/error.rs
[2026-05-09T06:47:28Z] [iter=3] HEARTBEAT target_type=call_site elapsed_min=54.5 files_done=8 resolved=2054 errors=2316 current=lib/oxsdatatypes/src/decimal.rs
[2026-05-09T06:50:17Z] [iter=3] HEARTBEAT target_type=call_site elapsed_min=57.3 files_done=9 resolved=2231 errors=2441 current=lib/oxigraph/src/sparql/dataset.rs
[2026-05-09T06:51:40Z] [iter=3] HEARTBEAT target_type=call_site elapsed_min=58.7 files_done=10 resolved=2271 errors=2503 current=cli/src/main.rs
[2026-05-09T07:17:13Z] [iter=3] HEARTBEAT target_type=call_site elapsed_min=84.2 files_done=11 resolved=3037 errors=3638 current=lib/oxrdfio/src/parser.rs
[2026-05-09T07:22:33Z] [iter=3] HEARTBEAT target_type=call_site elapsed_min=89.5 files_done=12 resolved=3160 errors=3875 current=lib/oxigraph/src/storage/mod.rs
[2026-05-09T07:24:59Z] [iter=3] HEARTBEAT target_type=call_site elapsed_min=92.0 files_done=13 resolved=3185 errors=3984 current=lib/sparesults/src/csv.rs
[2026-05-09T07:30:11Z] [iter=3] HEARTBEAT target_type=call_site elapsed_min=97.2 files_done=14 resolved=3297 errors=4215 current=lib/oxrdf/src/literal.rs
[2026-05-09T07:33:26Z] [iter=3] HEARTBEAT target_type=call_site elapsed_min=100.4 files_done=15 resolved=3366 errors=4359 current=lib/oxigraph/src/storage/memory.rs
[2026-05-09T07:39:20Z] [iter=3] HEARTBEAT target_type=call_site elapsed_min=106.3 files_done=16 resolved=3635 errors=4622 current=lib/oxttl/src/line_formats.rs
[2026-05-09T07:40:33Z] [iter=3] HEARTBEAT target_type=call_site elapsed_min=107.6 files_done=17 resolved=3714 errors=4676 current=testsuite/src/evaluator.rs
[2026-05-09T07:45:25Z] [iter=3] HEARTBEAT target_type=call_site elapsed_min=112.4 files_done=19 resolved=3979 errors=4892 current=lib/spareval/src/expression.rs
[2026-05-09T08:03:12Z] [iter=3] HEARTBEAT target_type=call_site elapsed_min=130.2 files_done=20 resolved=4323 errors=5682 current=lib/oxttl/src/n3.rs
[2026-05-09T08:06:16Z] [iter=3] HEARTBEAT target_type=call_site elapsed_min=133.3 files_done=21 resolved=4523 errors=5818 current=testsuite/src/parser_evaluator.rs
[2026-05-09T08:10:50Z] [iter=3] HEARTBEAT target_type=call_site elapsed_min=137.8 files_done=22 resolved=4575 errors=6020 current=lib/oxttl/src/terse.rs
[2026-05-09T08:16:07Z] [iter=3] HEARTBEAT target_type=call_site elapsed_min=143.1 files_done=23 resolved=4936 errors=6254 current=lib/oxsdatatypes/src/date_time.rs
[2026-05-09T08:28:04Z] [iter=3] HEARTBEAT target_type=call_site elapsed_min=155.1 files_done=24 resolved=5391 errors=6782 current=lib/sparql-smith/src/lib.rs
[2026-05-09T08:29:50Z] [iter=3] HEARTBEAT target_type=call_site elapsed_min=156.8 files_done=25 resolved=5712 errors=6860 current=fuzz/fuzz_targets/nquads.rs
[2026-05-09T08:35:05Z] [iter=3] HEARTBEAT target_type=call_site elapsed_min=162.1 files_done=27 resolved=5879 errors=7091 current=lib/oxttl/src/lexer.rs
[2026-05-09T08:39:19Z] [iter=3] HEARTBEAT target_type=call_site elapsed_min=166.3 files_done=28 resolved=6153 errors=7279 current=lib/oxrdf/src/named_node.rs
[2026-05-09T08:39:52Z] [iter=3] HEARTBEAT target_type=call_site elapsed_min=166.9 files_done=29 resolved=6175 errors=7303 current=js/src/model.rs
[2026-05-09T08:43:51Z] [iter=3] HEARTBEAT target_type=call_site elapsed_min=170.8 files_done=30 resolved=6315 errors=7479 current=lib/spareval/src/dataset.rs
[2026-05-09T08:47:43Z] [iter=3] HEARTBEAT target_type=call_site elapsed_min=174.7 files_done=31 resolved=6387 errors=7651 current=lib/oxrdfxml/src/parser.rs
[2026-05-09T08:53:32Z] [iter=3] HEARTBEAT target_type=call_site elapsed_min=180.5 files_done=32 resolved=6713 errors=7908 current=lib/oxjsonld/src/context.rs
[2026-05-09T09:02:36Z] [iter=3] HEARTBEAT target_type=call_site elapsed_min=189.6 files_done=33 resolved=6887 errors=8304 current=lib/sparesults/src/xml.rs
[2026-05-09T09:08:43Z] [iter=3] HEARTBEAT target_type=call_site elapsed_min=195.7 files_done=34 resolved=7194 errors=8573 current=lib/oxigraph/tests/store.rs
[2026-05-09T09:12:45Z] [iter=3] HEARTBEAT target_type=call_site elapsed_min=199.7 files_done=35 resolved=7308 errors=8750 current=lib/oxigraph/benches/store.rs
[2026-05-09T09:17:11Z] [iter=3] HEARTBEAT target_type=call_site elapsed_min=204.2 files_done=36 resolved=7376 errors=8943 current=lib/oxrdf/src/triple.rs
[2026-05-09T09:22:27Z] [iter=3] HEARTBEAT target_type=call_site elapsed_min=209.4 files_done=37 resolved=7512 errors=9174 current=lib/oxigraph/src/sparql/update.rs
[2026-05-09T09:26:10Z] [iter=3] HEARTBEAT target_type=call_site elapsed_min=213.2 files_done=38 resolved=7624 errors=9337 current=fuzz/fuzz_targets/sparql_query_eval.rs
[2026-05-09T09:31:30Z] [iter=3] HEARTBEAT target_type=call_site elapsed_min=218.5 files_done=40 resolved=7804 errors=9571 current=lib/sparopt/src/algebra.rs
[2026-05-09T09:43:23Z] [iter=3] HEARTBEAT target_type=call_site elapsed_min=230.4 files_done=41 resolved=7993 errors=10101 current=lib/spargebra/src/parser.rs
[2026-05-09T09:47:32Z] [iter=3] HEARTBEAT target_type=call_site elapsed_min=234.5 files_done=42 resolved=8099 errors=10285 current=lib/oxttl/src/turtle.rs
[2026-05-09T09:48:50Z] [iter=3] HEARTBEAT target_type=call_site elapsed_min=235.8 files_done=43 resolved=8153 errors=10342 current=lib/oxttl/src/trig.rs
[2026-05-09T09:52:21Z] [iter=3] HEARTBEAT target_type=call_site elapsed_min=239.4 files_done=44 resolved=8256 errors=10497 current=testsuite/src/sparql_evaluator.rs
[2026-05-09T09:53:01Z] [iter=3] CHECKPOINT TRIGGERED elapsed_min=240.0 files_completed=44 new_files_this_iter=44 mem_mb=907 MB
[2026-05-09T09:53:01Z] [iter=3] Writing partial enrichment graph path=/home/runner/work/forx/forx/storage/aggregate/lsp/4f8e1d890eee73062eaf809b779ed1b276aa11d4.nq.gz triples=110042
[2026-05-09T09:53:03Z] [iter=3] Checkpoint written, exiting with code 7
[2026-05-09T09:53:03Z] [iter=3] PHASE END: enrich (checkpointed) elapsed_s=14401 elapsed_min=240.0 files_completed=44
